<?xml version="1.0" encoding="UTF-8"?>
<testng-results ignored="0" total="1" passed="1" failed="0" skipped="0">
  <reporter-output>
  </reporter-output>
  <suite started-at="2025-02-18T17:15:05 IST" name="Default suite" finished-at="2025-02-18T17:15:23 IST" duration-ms="17558">
    <groups>
    </groups>
    <test started-at="2025-02-18T17:15:05 IST" name="Default test" finished-at="2025-02-18T17:15:23 IST" duration-ms="17558">
      <class name="Tests.ResumeBaseTest">
        <test-method is-config="true" signature="Setup()[pri:0, instance:Tests.ResumeBaseTest@3012646b]" started-at="2025-02-18T17:15:05 IST" name="Setup" finished-at="2025-02-18T17:15:07 IST" duration-ms="1630" status="PASS">
          <reporter-output>
          </reporter-output>
        </test-method> <!-- Setup -->
        <test-method signature="testlogin()[pri:0, instance:Tests.ResumeBaseTest@3012646b]" started-at="2025-02-18T17:15:07 IST" name="testlogin" finished-at="2025-02-18T17:15:23 IST" duration-ms="15883" status="PASS">
          <reporter-output>
          </reporter-output>
        </test-method> <!-- testlogin -->
      </class> <!-- Tests.ResumeBaseTest -->
    </test> <!-- Default test -->
  </suite> <!-- Default suite -->
</testng-results>
